==1139180== Cachegrind, a high-precision tracing profiler
==1139180== Copyright (C) 2002-2017, and GNU GPL'd, by Nicholas Nethercote et al.
==1139180== Using Valgrind-3.22.0 and LibVEX; rerun with -h for copyright info
==1139180== Command: ./disparity .
==1139180== 
--1139180-- warning: L3 cache found, using its data for the LL simulation.
==1139180== brk segment overflow in thread #1: can't grow to 0x4845000
==1139180== (see section Limitations in user manual)
==1139180== NOTE: further instances of this message will not be shown
Input size		- (1920x1080)
Verification		- Successful
Cycles elapsed		- 17108084126

==1139180== 
==1139180== I refs:        10,706,139,151
==1139180== I1  misses:             1,855
==1139180== LLi misses:             1,830
==1139180== I1  miss rate:           0.00%
==1139180== LLi miss rate:           0.00%
==1139180== 
==1139180== D refs:         4,705,952,280  (2,716,980,029 rd   + 1,988,972,251 wr)
==1139180== D1  misses:       420,949,199  (  251,328,159 rd   +   169,621,040 wr)
==1139180== LLd misses:       272,309,529  (  189,749,233 rd   +    82,560,296 wr)
==1139180== D1  miss rate:            8.9% (          9.3%     +           8.5%  )
==1139180== LLd miss rate:            5.8% (          7.0%     +           4.2%  )
==1139180== 
==1139180== LL refs:          420,951,054  (  251,330,014 rd   +   169,621,040 wr)
==1139180== LL misses:        272,311,359  (  189,751,063 rd   +    82,560,296 wr)
==1139180== LL miss rate:             1.8% (          1.4%     +           4.2%  )
