==1139029== Cachegrind, a high-precision tracing profiler
==1139029== Copyright (C) 2002-2017, and GNU GPL'd, by Nicholas Nethercote et al.
==1139029== Using Valgrind-3.22.0 and LibVEX; rerun with -h for copyright info
==1139029== Command: ./disparity .
==1139029== 
--1139029-- warning: L3 cache found, using its data for the LL simulation.
==1139029== brk segment overflow in thread #1: can't grow to 0x4845000
==1139029== (see section Limitations in user manual)
==1139029== NOTE: further instances of this message will not be shown
Input size		- (1920x1080)
Verification		- Successful
Cycles elapsed		- 172779455576

==1139029== 
==1139029== I refs:        10,706,139,165
==1139029== I1  misses:             1,855
==1139029== LLi misses:             1,835
==1139029== I1  miss rate:           0.00%
==1139029== LLi miss rate:           0.00%
==1139029== 
==1139029== D refs:         4,705,952,282  (2,716,980,030 rd   + 1,988,972,252 wr)
==1139029== D1  misses:       420,949,199  (  251,328,159 rd   +   169,621,040 wr)
==1139029== LLd misses:       344,714,473  (  250,993,514 rd   +    93,720,959 wr)
==1139029== D1  miss rate:            8.9% (          9.3%     +           8.5%  )
==1139029== LLd miss rate:            7.3% (          9.2%     +           4.7%  )
==1139029== 
==1139029== LL refs:          420,951,054  (  251,330,014 rd   +   169,621,040 wr)
==1139029== LL misses:        344,716,308  (  250,995,349 rd   +    93,720,959 wr)
==1139029== LL miss rate:             2.2% (          1.9%     +           4.7%  )
