==1138782== Cachegrind, a high-precision tracing profiler
==1138782== Copyright (C) 2002-2017, and GNU GPL'd, by Nicholas Nethercote et al.
==1138782== Using Valgrind-3.22.0 and LibVEX; rerun with -h for copyright info
==1138782== Command: ./disparity .
==1138782== 
--1138782-- warning: L3 cache found, using its data for the LL simulation.
==1138782== brk segment overflow in thread #1: can't grow to 0x4845000
==1138782== (see section Limitations in user manual)
==1138782== NOTE: further instances of this message will not be shown
Input size		- (1920x1080)
Verification		- Successful
Cycles elapsed		- 162094869014

==1138782== 
==1138782== I refs:        10,706,139,165
==1138782== I1  misses:             1,855
==1138782== LLi misses:             1,855
==1138782== I1  miss rate:           0.00%
==1138782== LLi miss rate:           0.00%
==1138782== 
==1138782== D refs:         4,705,952,282  (2,716,980,030 rd   + 1,988,972,252 wr)
==1138782== D1  misses:       420,949,199  (  251,328,159 rd   +   169,621,040 wr)
==1138782== LLd misses:       420,942,080  (  251,321,052 rd   +   169,621,028 wr)
==1138782== D1  miss rate:            8.9% (          9.3%     +           8.5%  )
==1138782== LLd miss rate:            8.9% (          9.3%     +           8.5%  )
==1138782== 
==1138782== LL refs:          420,951,054  (  251,330,014 rd   +   169,621,040 wr)
==1138782== LL misses:        420,943,935  (  251,322,907 rd   +   169,621,028 wr)
==1138782== LL miss rate:             2.7% (          1.9%     +           8.5%  )
