==1139099== Cachegrind, a high-precision tracing profiler
==1139099== Copyright (C) 2002-2017, and GNU GPL'd, by Nicholas Nethercote et al.
==1139099== Using Valgrind-3.22.0 and LibVEX; rerun with -h for copyright info
==1139099== Command: ./disparity .
==1139099== 
--1139099-- warning: L3 cache found, using its data for the LL simulation.
==1139099== brk segment overflow in thread #1: can't grow to 0x4845000
==1139099== (see section Limitations in user manual)
==1139099== NOTE: further instances of this message will not be shown
Input size		- (1920x1080)
Verification		- Successful
Cycles elapsed		- 163905550084

==1139099== 
==1139099== I refs:        10,706,139,165
==1139099== I1  misses:             1,855
==1139099== LLi misses:             1,830
==1139099== I1  miss rate:           0.00%
==1139099== LLi miss rate:           0.00%
==1139099== 
==1139099== D refs:         4,705,952,282  (2,716,980,030 rd   + 1,988,972,252 wr)
==1139099== D1  misses:       420,949,199  (  251,328,159 rd   +   169,621,040 wr)
==1139099== LLd misses:       341,693,501  (  250,893,118 rd   +    90,800,383 wr)
==1139099== D1  miss rate:            8.9% (          9.3%     +           8.5%  )
==1139099== LLd miss rate:            7.3% (          9.2%     +           4.6%  )
==1139099== 
==1139099== LL refs:          420,951,054  (  251,330,014 rd   +   169,621,040 wr)
==1139099== LL misses:        341,695,331  (  250,894,948 rd   +    90,800,383 wr)
==1139099== LL miss rate:             2.2% (          1.9%     +           4.6%  )
