==1139294== Cachegrind, a high-precision tracing profiler
==1139294== Copyright (C) 2002-2017, and GNU GPL'd, by Nicholas Nethercote et al.
==1139294== Using Valgrind-3.22.0 and LibVEX; rerun with -h for copyright info
==1139294== Command: ./disparity .
==1139294== 
--1139294-- warning: L3 cache found, using its data for the LL simulation.
==1139294== brk segment overflow in thread #1: can't grow to 0x4845000
==1139294== (see section Limitations in user manual)
==1139294== NOTE: further instances of this message will not be shown
Input size		- (1920x1080)
Verification		- Successful
Cycles elapsed		- 164259464078

==1139294== 
==1139294== I refs:        10,706,139,165
==1139294== I1  misses:             1,855
==1139294== LLi misses:             1,830
==1139294== I1  miss rate:           0.00%
==1139294== LLi miss rate:           0.00%
==1139294== 
==1139294== D refs:         4,705,952,282  (2,716,980,030 rd   + 1,988,972,252 wr)
==1139294== D1  misses:       420,949,199  (  251,328,159 rd   +   169,621,040 wr)
==1139294== LLd misses:       112,854,600  (   67,521,705 rd   +    45,332,895 wr)
==1139294== D1  miss rate:            8.9% (          9.3%     +           8.5%  )
==1139294== LLd miss rate:            2.4% (          2.5%     +           2.3%  )
==1139294== 
==1139294== LL refs:          420,951,054  (  251,330,014 rd   +   169,621,040 wr)
==1139294== LL misses:        112,856,430  (   67,523,535 rd   +    45,332,895 wr)
==1139294== LL miss rate:             0.7% (          0.5%     +           2.3%  )
