==1139435== Cachegrind, a high-precision tracing profiler
==1139435== Copyright (C) 2002-2017, and GNU GPL'd, by Nicholas Nethercote et al.
==1139435== Using Valgrind-3.22.0 and LibVEX; rerun with -h for copyright info
==1139435== Command: ./disparity .
==1139435== 
--1139435-- warning: L3 cache found, using its data for the LL simulation.
==1139435== brk segment overflow in thread #1: can't grow to 0x4845000
==1139435== (see section Limitations in user manual)
==1139435== NOTE: further instances of this message will not be shown
Input size		- (1920x1080)
Verification		- Successful
Cycles elapsed		- 173316644802

==1139435== 
==1139435== I refs:        10,706,139,165
==1139435== I1  misses:             1,855
==1139435== LLi misses:             1,830
==1139435== I1  miss rate:           0.00%
==1139435== LLi miss rate:           0.00%
==1139435== 
==1139435== D refs:         4,705,952,282  (2,716,980,030 rd   + 1,988,972,252 wr)
==1139435== D1  misses:       420,949,199  (  251,328,159 rd   +   169,621,040 wr)
==1139435== LLd misses:       111,547,149  (   66,222,968 rd   +    45,324,181 wr)
==1139435== D1  miss rate:            8.9% (          9.3%     +           8.5%  )
==1139435== LLd miss rate:            2.4% (          2.4%     +           2.3%  )
==1139435== 
==1139435== LL refs:          420,951,054  (  251,330,014 rd   +   169,621,040 wr)
==1139435== LL misses:        111,548,979  (   66,224,798 rd   +    45,324,181 wr)
==1139435== LL miss rate:             0.7% (          0.5%     +           2.3%  )
